<?xml version="1.0" encoding="UTF-8"?>
<!-- Generated by org.testng.reporters.JUnitXMLReporter -->
<testsuite ignored="0" hostname="MY-PC" failures="0" tests="1" name="Test1" time="2.707" errors="0" timestamp="2021-12-26T15:10:15 IST">
  <testcase classname="com.vitger.comcast.genericutility.BaseClass" name="@BeforeClass LaunchBrowser" time="2.609">
    <failure type="org.openqa.selenium.SessionNotCreatedException" message="session not created: This version of ChromeDriver only supports Chrome version 93
Current browser version is 96.0.4664.110 with binary path C:\Program Files\Google\Chrome\Application\chrome.exe
Build info: version: &amp;apos;3.141.59&amp;apos;, revision: &amp;apos;e82be7d358&amp;apos;, time: &amp;apos;2018-11-14T08:17:03&amp;apos;
System info: host: &amp;apos;MY-PC&amp;apos;, ip: &amp;apos;127.0.0.1&amp;apos;, os.name: &amp;apos;Windows 10&amp;apos;, os.arch: &amp;apos;amd64&amp;apos;, os.version: &amp;apos;10.0&amp;apos;, java.version: &amp;apos;16.0.2&amp;apos;
Driver info: driver.version: ChromeDriver
remote stacktrace: Backtrace:
	Ordinal0 [0x007ED403+2479107]
	Ordinal0 [0x00787D51+2063697]
	Ordinal0 [0x006920C8+1056968]
	Ordinal0 [0x006B043A+1180730]
	Ordinal0 [0x006AC355+1164117]
	Ordinal0 [0x006A9B7F+1153919]
	Ordinal0 [0x006D9CBF+1350847]
	Ordinal0 [0x006D992A+1349930]
	Ordinal0 [0x006D583B+1333307]
	Ordinal0 [0x006B1F94+1187732]
	Ordinal0 [0x006B2DE9+1191401]
	GetHandleVerifier [0x0096F3F6+1531734]
	GetHandleVerifier [0x00A1E9AE+2249998]
	GetHandleVerifier [0x008739AB+501003]
	GetHandleVerifier [0x00872A29+497033]
	Ordinal0 [0x0078D11D+2085149]
	Ordinal0 [0x007911C8+2101704]
	Ordinal0 [0x00791302+2102018]
	Ordinal0 [0x0079AA71+2140785]
	BaseThreadInitThunk [0x75E3FA29+25]
	RtlGetAppContainerNamedObjectPath [0x774A7A9E+286]
	RtlGetAppContainerNamedObjectPath [0x774A7A6E+238]
">
      <![CDATA[org.openqa.selenium.SessionNotCreatedException: session not created: This version of ChromeDriver only supports Chrome version 93
Current browser version is 96.0.4664.110 with binary path C:\Program Files\Google\Chrome\Application\chrome.exe
Build info: version: '3.141.59', revision: 'e82be7d358', time: '2018-11-14T08:17:03'
System info: host: 'MY-PC', ip: '127.0.0.1', os.name: 'Windows 10', os.arch: 'amd64', os.version: '10.0', java.version: '16.0.2'
Driver info: driver.version: ChromeDriver
remote stacktrace: Backtrace:
Ordinal0 [0x007ED403+2479107]
Ordinal0 [0x00787D51+2063697]
Ordinal0 [0x006920C8+1056968]
Ordinal0 [0x006B043A+1180730]
Ordinal0 [0x006AC355+1164117]
Ordinal0 [0x006A9B7F+1153919]
Ordinal0 [0x006D9CBF+1350847]
Ordinal0 [0x006D992A+1349930]
Ordinal0 [0x006D583B+1333307]
Ordinal0 [0x006B1F94+1187732]
Ordinal0 [0x006B2DE9+1191401]
GetHandleVerifier [0x0096F3F6+1531734]
GetHandleVerifier [0x00A1E9AE+2249998]
GetHandleVerifier [0x008739AB+501003]
GetHandleVerifier [0x00872A29+497033]
Ordinal0 [0x0078D11D+2085149]
Ordinal0 [0x007911C8+2101704]
Ordinal0 [0x00791302+2102018]
Ordinal0 [0x0079AA71+2140785]
BaseThreadInitThunk [0x75E3FA29+25]
RtlGetAppContainerNamedObjectPath [0x774A7A9E+286]
RtlGetAppContainerNamedObjectPath [0x774A7A6E+238]

at org.openqa.selenium.remote.W3CHandshakeResponse.lambda$errorHandler$0(W3CHandshakeResponse.java:62)
at org.openqa.selenium.remote.HandshakeResponse.lambda$getResponseFunction$0(HandshakeResponse.java:30)
at org.openqa.selenium.remote.ProtocolHandshake.lambda$createSession$0(ProtocolHandshake.java:126)
at java.base/java.util.stream.ReferencePipeline$3$1.accept(ReferencePipeline.java:197)
at java.base/java.util.Spliterators$ArraySpliterator.tryAdvance(Spliterators.java:958)
at java.base/java.util.stream.ReferencePipeline.forEachWithCancel(ReferencePipeline.java:129)
at java.base/java.util.stream.AbstractPipeline.copyIntoWithCancel(AbstractPipeline.java:502)
at java.base/java.util.stream.AbstractPipeline.copyInto(AbstractPipeline.java:488)
at java.base/java.util.stream.AbstractPipeline.wrapAndCopyInto(AbstractPipeline.java:474)
at java.base/java.util.stream.FindOps$FindOp.evaluateSequential(FindOps.java:150)
at java.base/java.util.stream.AbstractPipeline.evaluate(AbstractPipeline.java:234)
at java.base/java.util.stream.ReferencePipeline.findFirst(ReferencePipeline.java:647)
at org.openqa.selenium.remote.ProtocolHandshake.createSession(ProtocolHandshake.java:128)
at org.openqa.selenium.remote.ProtocolHandshake.createSession(ProtocolHandshake.java:74)
at org.openqa.selenium.remote.HttpCommandExecutor.execute(HttpCommandExecutor.java:136)
at org.openqa.selenium.remote.service.DriverCommandExecutor.execute(DriverCommandExecutor.java:83)
at org.openqa.selenium.remote.RemoteWebDriver.execute(RemoteWebDriver.java:552)
at org.openqa.selenium.remote.RemoteWebDriver.startSession(RemoteWebDriver.java:213)
at org.openqa.selenium.remote.RemoteWebDriver.<init>(RemoteWebDriver.java:131)
at org.openqa.selenium.chrome.ChromeDriver.<init>(ChromeDriver.java:181)
at org.openqa.selenium.chrome.ChromeDriver.<init>(ChromeDriver.java:168)
at org.openqa.selenium.chrome.ChromeDriver.<init>(ChromeDriver.java:123)
at com.vitger.comcast.genericutility.BaseClass.LaunchBrowser(BaseClass.java:43)
at java.base/java.util.ArrayList.forEach(ArrayList.java:1511)
at java.base/java.util.concurrent.FutureTask.run(FutureTask.java:264)
at java.base/java.util.concurrent.ThreadPoolExecutor.runWorker(ThreadPoolExecutor.java:1130)
at java.base/java.util.concurrent.ThreadPoolExecutor$Worker.run(ThreadPoolExecutor.java:630)
at java.base/java.lang.Thread.run(Thread.java:831)
... Removed 21 stack frames]]>
    </failure>
  </testcase> <!-- @BeforeClass LaunchBrowser -->
  <testcase classname="com.vitger.comcast.genericutility.BaseClass" name="@BeforeMethod loginToApp" time="-1.640511615347E9">
    <skipped/>
  </testcase> <!-- @BeforeMethod loginToApp -->
  <testcase classname="com.vitger.comcast.genericutility.BaseClass" name="@AfterMethod logoutoffApp" time="-1.640511615368E9">
    <skipped/>
  </testcase> <!-- @AfterMethod logoutoffApp -->
  <testcase classname="com.vitger.comcast.genericutility.BaseClass" name="@AfterClass closeBrowser" time="-1.640511615377E9">
    <skipped/>
  </testcase> <!-- @AfterClass closeBrowser -->
  <testcase classname="com.crm.autodeskorgtest.OrgTestJavaTestNg" name="CreateOrgTest" time="0.0">
    <skipped/>
  </testcase> <!-- CreateOrgTest -->
</testsuite> <!-- Test1 -->
